[debug] [2022-10-27T06:09:18.531Z] ----------------------------------------------------------------------
[debug] [2022-10-27T06:09:18.542Z] Command:       C:\Program Files\nodejs\node.exe C:\Users\Dell\AppData\Roaming\npm\node_modules\firebase-tools\lib\bin\firebase.js deploy
[debug] [2022-10-27T06:09:18.544Z] CLI Version:   11.14.4
[debug] [2022-10-27T06:09:18.545Z] Platform:      win32
[debug] [2022-10-27T06:09:18.545Z] Node Version:  v18.9.0
[debug] [2022-10-27T06:09:18.547Z] Time:          Thu Oct 27 2022 12:09:18 GMT+0600 (Bangladesh Standard Time)
[debug] [2022-10-27T06:09:18.548Z] ----------------------------------------------------------------------
[debug] 
[debug] [2022-10-27T06:09:19.326Z] > command requires scopes: ["email","openid","https://www.googleapis.com/auth/cloudplatformprojects.readonly","https://www.googleapis.com/auth/firebase","https://www.googleapis.com/auth/cloud-platform"]
[debug] [2022-10-27T06:09:19.328Z] > authorizing via signed-in user (abnaeem.bsc@gmail.com)
[debug] [2022-10-27T06:09:19.328Z] [iam] checking project talk-digital for permissions ["firebase.projects.get","firebasehosting.sites.update"]
[debug] [2022-10-27T06:09:19.378Z] >>> [apiv2][query] POST https://cloudresourcemanager.googleapis.com/v1/projects/talk-digital:testIamPermissions [none]
[debug] [2022-10-27T06:09:19.379Z] >>> [apiv2][(partial)header] POST https://cloudresourcemanager.googleapis.com/v1/projects/talk-digital:testIamPermissions x-goog-quota-user=projects/talk-digital
[debug] [2022-10-27T06:09:19.380Z] >>> [apiv2][body] POST https://cloudresourcemanager.googleapis.com/v1/projects/talk-digital:testIamPermissions {"permissions":["firebase.projects.get","firebasehosting.sites.update"]}
[debug] [2022-10-27T06:09:21.538Z] <<< [apiv2][status] POST https://cloudresourcemanager.googleapis.com/v1/projects/talk-digital:testIamPermissions 200
[debug] [2022-10-27T06:09:21.539Z] <<< [apiv2][body] POST https://cloudresourcemanager.googleapis.com/v1/projects/talk-digital:testIamPermissions {"permissions":["firebase.projects.get","firebasehosting.sites.update"]}
[debug] [2022-10-27T06:09:21.543Z] >>> [apiv2][query] GET https://firebase.googleapis.com/v1beta1/projects/talk-digital [none]
[debug] [2022-10-27T06:09:22.205Z] <<< [apiv2][status] GET https://firebase.googleapis.com/v1beta1/projects/talk-digital 200
[debug] [2022-10-27T06:09:22.206Z] <<< [apiv2][body] GET https://firebase.googleapis.com/v1beta1/projects/talk-digital {"projectId":"talk-digital","projectNumber":"398665820438","displayName":"talk-digital","name":"projects/talk-digital","resources":{"hostingSite":"talk-digital"},"state":"ACTIVE","etag":"1_e31b35a2-eae7-4af8-8815-e74875dc2f24"}
[info] 
[info] === Deploying to 'talk-digital'...
[info] 
[info] i  deploying hosting 
[debug] [2022-10-27T06:09:22.218Z] >>> [apiv2][query] POST https://firebasehosting.googleapis.com/v1beta1/projects/-/sites/talk-digital/versions [none]
[debug] [2022-10-27T06:09:22.218Z] >>> [apiv2][body] POST https://firebasehosting.googleapis.com/v1beta1/projects/-/sites/talk-digital/versions {"status":"CREATED","labels":{"deployment-tool":"cli-firebase"}}
[debug] [2022-10-27T06:09:24.098Z] <<< [apiv2][status] POST https://firebasehosting.googleapis.com/v1beta1/projects/-/sites/talk-digital/versions 200
[debug] [2022-10-27T06:09:24.098Z] <<< [apiv2][body] POST https://firebasehosting.googleapis.com/v1beta1/projects/-/sites/talk-digital/versions {"name":"projects/398665820438/sites/talk-digital/versions/aa839bad45694035","status":"CREATED","config":{},"labels":{"deployment-tool":"cli-firebase"}}
[info] i  hosting[talk-digital]: beginning deploy... 
[info] i  hosting[talk-digital]: found 20 files in build 
[debug] [2022-10-27T06:09:24.141Z] [hosting] uploading with 200 concurrency
[debug] [2022-10-27T06:09:26.232Z] [hosting] hash cache [YnVpbGQ] stored for 20 files
[debug] [2022-10-27T06:09:26.242Z] [hosting][hash queue][FINAL] {"max":2061,"min":13,"avg":214.65,"active":0,"complete":20,"success":20,"errored":0,"retried":0,"total":20,"elapsed":2095}
[debug] [2022-10-27T06:09:26.243Z] >>> [apiv2][query] POST https://firebasehosting.googleapis.com/v1beta1/projects/398665820438/sites/talk-digital/versions/aa839bad45694035:populateFiles [none]
[debug] [2022-10-27T06:09:26.243Z] >>> [apiv2][body] POST https://firebasehosting.googleapis.com/v1beta1/projects/398665820438/sites/talk-digital/versions/aa839bad45694035:populateFiles {"files":{"/favicon.ico":"eae62e993eb980ec8a25058c39d5a51feab118bd2100c4deebb2a9c158ec11f9","/logo192.png":"3ee59515172ee198f3be375979df15ac5345183e656720a381b8872b2a39dc8b","/logo512.png":"ee7e2f3fdb8209c4b6fd7bef6ba50d1b9dba30a25bb5c3126df057e1cb6f5331","/manifest.json":"16e8b15a1a6cb070f19ab8e6a422f2e3e808178e5d2a0842090e9d0657a0d317","/robots.txt":"bfe106a3fb878dc83461c86818bf74fc1bdc7f28538ba613cd3e775516ce8b49","/asset-manifest.json":"0ae6ad1a8dd753fae98f3762f7b17140507aff7ffbc048b1a21c6851e1d43330","/index.html":"9c08eed4515464992a24351e9f181291853cdaa75a41265f195221ce810b81d7","/static/js/236.6e75ed66.chunk.js.LICENSE.txt":"2396ecbf0fd5cabdafa2bda8c7f34f244ecac9a8d61ff28597b2bf99a0ac20df","/static/js/703.0863cc21.chunk.js.LICENSE.txt":"cfbae90292fb506144e442142fcfcdb77242a5491dbc74a361cd61c3e8b608ed","/static/js/703.0863cc21.chunk.js":"488d436b4af598697cb398d0c38e924960db4f265057e2fe405b11967ce68320","/static/js/main.3d606f99.js.LICENSE.txt":"dd973457bd1ce77a3494c746c14b9c34f1ab794d7a91e9e4f6eb999db9f32496","/static/css/main.92ea798c.css":"84c1c52eea5457a1ad884018123088d1e360e568b1d9c9b3eff20bc56531ca75","/static/css/main.92ea798c.css.map":"31f77824323dc686f63fd7ef5f0eb6a60848d145df96c1cc40427bf0c4b0fdb3","/static/js/703.0863cc21.chunk.js.map":"98a918819401c986db3018d83a844496efd2e9f726adeeef62552c6849f8609a","/static/js/513.8a6fb509.chunk.js":"800c5a6169b168db916c25d58169566450ccf5c12a43c85fe3f5d0219c083b36","/static/js/236.6e75ed66.chunk.js":"783c2462c5b8d7959f33eefcf96fd5aaebe47591e38d44eeabc78011141b8842","/static/js/513.8a6fb509.chunk.js.map":"8b7932abd4c9fe3b6771047cd93280a1d1c99db4c373d7b6fa6c56530104c923","/static/js/236.6e75ed66.chunk.js.map":"13a4361aa4f4578d46153c866c8ecbe183c12724c075f49904b0f11cb5d61f0e","/static/js/main.3d606f99.js":"4e8712fa5cb7e821395e53d31931d3fbd004148eccab6b5b1acf54916268775a","/static/js/main.3d606f99.js.map":"91c16383b276b2cc3fc68d9a5c4b7bf2247dc1eb77b2f4fbb7ca701ca5728e7c"}}
[debug] [2022-10-27T06:09:27.825Z] <<< [apiv2][status] POST https://firebasehosting.googleapis.com/v1beta1/projects/398665820438/sites/talk-digital/versions/aa839bad45694035:populateFiles 200
[debug] [2022-10-27T06:09:27.825Z] <<< [apiv2][body] POST https://firebasehosting.googleapis.com/v1beta1/projects/398665820438/sites/talk-digital/versions/aa839bad45694035:populateFiles {"uploadRequiredHashes":["9c08eed4515464992a24351e9f181291853cdaa75a41265f195221ce810b81d7","4e8712fa5cb7e821395e53d31931d3fbd004148eccab6b5b1acf54916268775a","0ae6ad1a8dd753fae98f3762f7b17140507aff7ffbc048b1a21c6851e1d43330","91c16383b276b2cc3fc68d9a5c4b7bf2247dc1eb77b2f4fbb7ca701ca5728e7c"],"uploadUrl":"https://upload-firebasehosting.googleapis.com/upload/sites/talk-digital/versions/aa839bad45694035/files"}
[debug] [2022-10-27T06:09:27.828Z] >>> [apiv2][query] POST https://upload-firebasehosting.googleapis.com/upload/sites/talk-digital/versions/aa839bad45694035/files/9c08eed4515464992a24351e9f181291853cdaa75a41265f195221ce810b81d7 [none]
[debug] [2022-10-27T06:09:27.829Z] >>> [apiv2][body] POST https://upload-firebasehosting.googleapis.com/upload/sites/talk-digital/versions/aa839bad45694035/files/9c08eed4515464992a24351e9f181291853cdaa75a41265f195221ce810b81d7 [stream]
[debug] [2022-10-27T06:09:27.832Z] >>> [apiv2][query] POST https://upload-firebasehosting.googleapis.com/upload/sites/talk-digital/versions/aa839bad45694035/files/4e8712fa5cb7e821395e53d31931d3fbd004148eccab6b5b1acf54916268775a [none]
[debug] [2022-10-27T06:09:27.833Z] >>> [apiv2][body] POST https://upload-firebasehosting.googleapis.com/upload/sites/talk-digital/versions/aa839bad45694035/files/4e8712fa5cb7e821395e53d31931d3fbd004148eccab6b5b1acf54916268775a [stream]
[debug] [2022-10-27T06:09:27.839Z] >>> [apiv2][query] POST https://upload-firebasehosting.googleapis.com/upload/sites/talk-digital/versions/aa839bad45694035/files/0ae6ad1a8dd753fae98f3762f7b17140507aff7ffbc048b1a21c6851e1d43330 [none]
[debug] [2022-10-27T06:09:27.839Z] >>> [apiv2][body] POST https://upload-firebasehosting.googleapis.com/upload/sites/talk-digital/versions/aa839bad45694035/files/0ae6ad1a8dd753fae98f3762f7b17140507aff7ffbc048b1a21c6851e1d43330 [stream]
[debug] [2022-10-27T06:09:27.843Z] >>> [apiv2][query] POST https://upload-firebasehosting.googleapis.com/upload/sites/talk-digital/versions/aa839bad45694035/files/91c16383b276b2cc3fc68d9a5c4b7bf2247dc1eb77b2f4fbb7ca701ca5728e7c [none]
[debug] [2022-10-27T06:09:27.843Z] >>> [apiv2][body] POST https://upload-firebasehosting.googleapis.com/upload/sites/talk-digital/versions/aa839bad45694035/files/91c16383b276b2cc3fc68d9a5c4b7bf2247dc1eb77b2f4fbb7ca701ca5728e7c [stream]
[debug] [2022-10-27T06:09:27.846Z] [hosting][populate queue][FINAL] {"max":1601,"min":1601,"avg":1601,"active":0,"complete":1,"success":1,"errored":0,"retried":0,"total":1,"elapsed":1619}
[debug] [2022-10-27T06:09:27.848Z] [hosting] uploads queued: 4
[debug] [2022-10-27T06:09:29.899Z] <<< [apiv2][status] POST https://upload-firebasehosting.googleapis.com/upload/sites/talk-digital/versions/aa839bad45694035/files/9c08eed4515464992a24351e9f181291853cdaa75a41265f195221ce810b81d7 200
[debug] [2022-10-27T06:09:29.899Z] <<< [apiv2][body] POST https://upload-firebasehosting.googleapis.com/upload/sites/talk-digital/versions/aa839bad45694035/files/9c08eed4515464992a24351e9f181291853cdaa75a41265f195221ce810b81d7 [stream]
[debug] [2022-10-27T06:09:29.907Z] <<< [apiv2][status] POST https://upload-firebasehosting.googleapis.com/upload/sites/talk-digital/versions/aa839bad45694035/files/0ae6ad1a8dd753fae98f3762f7b17140507aff7ffbc048b1a21c6851e1d43330 200
[debug] [2022-10-27T06:09:29.907Z] <<< [apiv2][body] POST https://upload-firebasehosting.googleapis.com/upload/sites/talk-digital/versions/aa839bad45694035/files/0ae6ad1a8dd753fae98f3762f7b17140507aff7ffbc048b1a21c6851e1d43330 [stream]
[debug] [2022-10-27T06:09:30.121Z] <<< [apiv2][status] POST https://upload-firebasehosting.googleapis.com/upload/sites/talk-digital/versions/aa839bad45694035/files/4e8712fa5cb7e821395e53d31931d3fbd004148eccab6b5b1acf54916268775a 200
[debug] [2022-10-27T06:09:30.121Z] <<< [apiv2][body] POST https://upload-firebasehosting.googleapis.com/upload/sites/talk-digital/versions/aa839bad45694035/files/4e8712fa5cb7e821395e53d31931d3fbd004148eccab6b5b1acf54916268775a [stream]
[debug] [2022-10-27T06:09:32.795Z] <<< [apiv2][status] POST https://upload-firebasehosting.googleapis.com/upload/sites/talk-digital/versions/aa839bad45694035/files/91c16383b276b2cc3fc68d9a5c4b7bf2247dc1eb77b2f4fbb7ca701ca5728e7c 200
[debug] [2022-10-27T06:09:32.796Z] <<< [apiv2][body] POST https://upload-firebasehosting.googleapis.com/upload/sites/talk-digital/versions/aa839bad45694035/files/91c16383b276b2cc3fc68d9a5c4b7bf2247dc1eb77b2f4fbb7ca701ca5728e7c [stream]
[debug] [2022-10-27T06:09:32.796Z] [hosting][upload queue][FINAL] {"max":4968,"min":2073,"avg":2854,"active":0,"complete":4,"success":4,"errored":0,"retried":0,"total":4,"elapsed":4971}
[info] +  hosting[talk-digital]: file upload complete 
[debug] [2022-10-27T06:09:32.799Z] [hosting] deploy completed after 8696ms
[debug] [2022-10-27T06:09:32.808Z] [
  {
    "config": {
      "public": "build",
      "ignore": [
        "firebase.json",
        "**/.*",
        "**/node_modules/**"
      ],
      "rewrites": [
        {
          "source": "**",
          "destination": "/index.html"
        }
      ],
      "site": "talk-digital"
    },
    "version": "projects/398665820438/sites/talk-digital/versions/aa839bad45694035"
  }
]
[info] i  hosting[talk-digital]: finalizing version... 
[debug] [2022-10-27T06:09:32.815Z] >>> [apiv2][query] PATCH https://firebasehosting.googleapis.com/v1beta1/projects/-/sites/talk-digital/versions/aa839bad45694035 updateMask=status%2Cconfig
[debug] [2022-10-27T06:09:32.815Z] >>> [apiv2][body] PATCH https://firebasehosting.googleapis.com/v1beta1/projects/-/sites/talk-digital/versions/aa839bad45694035 {"status":"FINALIZED","config":{"rewrites":[{"glob":"**","path":"/index.html"}]}}
[debug] [2022-10-27T06:09:34.315Z] <<< [apiv2][status] PATCH https://firebasehosting.googleapis.com/v1beta1/projects/-/sites/talk-digital/versions/aa839bad45694035 200
[debug] [2022-10-27T06:09:34.315Z] <<< [apiv2][body] PATCH https://firebasehosting.googleapis.com/v1beta1/projects/-/sites/talk-digital/versions/aa839bad45694035 {"name":"projects/398665820438/sites/talk-digital/versions/aa839bad45694035","status":"FINALIZED","config":{"rewrites":[{"glob":"**","path":"/index.html"}]},"labels":{"deployment-tool":"cli-firebase"},"createTime":"2022-10-27T06:09:23.504520Z","createUser":{"email":"abnaeem.bsc@gmail.com"},"finalizeTime":"2022-10-27T06:09:34.185817Z","finalizeUser":{"email":"abnaeem.bsc@gmail.com"}}
[debug] [2022-10-27T06:09:34.315Z] [hosting] finalized version for talk-digital:[object Object]
[info] +  hosting[talk-digital]: version finalized 
[info] i  hosting[talk-digital]: releasing new version... 
[debug] [2022-10-27T06:09:34.318Z] >>> [apiv2][query] POST https://firebasehosting.googleapis.com/v1beta1/projects/-/sites/talk-digital/channels/live/releases versionName=projects%2F398665820438%2Fsites%2Ftalk-digital%2Fversions%2Faa839bad45694035
[debug] [2022-10-27T06:09:34.318Z] >>> [apiv2][body] POST https://firebasehosting.googleapis.com/v1beta1/projects/-/sites/talk-digital/channels/live/releases {}
[debug] [2022-10-27T06:09:35.866Z] <<< [apiv2][status] POST https://firebasehosting.googleapis.com/v1beta1/projects/-/sites/talk-digital/channels/live/releases 200
[debug] [2022-10-27T06:09:35.866Z] <<< [apiv2][body] POST https://firebasehosting.googleapis.com/v1beta1/projects/-/sites/talk-digital/channels/live/releases {"name":"projects/398665820438/sites/talk-digital/channels/live/releases/1666850975014252","version":{"name":"projects/398665820438/sites/talk-digital/versions/aa839bad45694035","status":"FINALIZED","config":{"rewrites":[{"glob":"**","path":"/index.html"}]},"labels":{"deployment-tool":"cli-firebase"},"createTime":"2022-10-27T06:09:23.504520Z","createUser":{"email":"abnaeem.bsc@gmail.com","imageUrl":"https://lh3.googleusercontent.com/a/ALm5wu30NIv0SfIjoUGY5HmXm5Zqq_XIm-gq764y-m4_"},"finalizeTime":"2022-10-27T06:09:34.185817Z","finalizeUser":{"email":"abnaeem.bsc@gmail.com","imageUrl":"https://lh3.googleusercontent.com/a/ALm5wu30NIv0SfIjoUGY5HmXm5Zqq_XIm-gq764y-m4_"}},"type":"DEPLOY","releaseTime":"2022-10-27T06:09:35.014252258Z","releaseUser":{"email":"abnaeem.bsc@gmail.com","imageUrl":"https://lh3.googleusercontent.com/a/ALm5wu30NIv0SfIjoUGY5HmXm5Zqq_XIm-gq764y-m4_"}}
[debug] [2022-10-27T06:09:35.866Z] [hosting] release: {"name":"projects/398665820438/sites/talk-digital/channels/live/releases/1666850975014252","version":{"name":"projects/398665820438/sites/talk-digital/versions/aa839bad45694035","status":"FINALIZED","config":{"rewrites":[{"glob":"**","path":"/index.html"}]},"labels":{"deployment-tool":"cli-firebase"},"createTime":"2022-10-27T06:09:23.504520Z","createUser":{"email":"abnaeem.bsc@gmail.com","imageUrl":"https://lh3.googleusercontent.com/a/ALm5wu30NIv0SfIjoUGY5HmXm5Zqq_XIm-gq764y-m4_"},"finalizeTime":"2022-10-27T06:09:34.185817Z","finalizeUser":{"email":"abnaeem.bsc@gmail.com","imageUrl":"https://lh3.googleusercontent.com/a/ALm5wu30NIv0SfIjoUGY5HmXm5Zqq_XIm-gq764y-m4_"}},"type":"DEPLOY","releaseTime":"2022-10-27T06:09:35.014252258Z","releaseUser":{"email":"abnaeem.bsc@gmail.com","imageUrl":"https://lh3.googleusercontent.com/a/ALm5wu30NIv0SfIjoUGY5HmXm5Zqq_XIm-gq764y-m4_"}}
[info] +  hosting[talk-digital]: release complete 
[info] 
[info] +  Deploy complete! 
[info] 
[info] Project Console: https://console.firebase.google.com/project/talk-digital/overview
[info] Hosting URL: https://talk-digital.web.app
[debug] [2022-10-27T06:09:41.477Z] Error: Timed out.
    at Timeout._onTimeout (C:\Users\Dell\AppData\Roaming\npm\node_modules\firebase-tools\lib\utils.js:253:49)
    at listOnTimeout (node:internal/timers:564:17)
    at process.processTimers (node:internal/timers:507:7)
[error] 
[error] Error: An unexpected error has occurred.
